This file contains any messages produced by compilers while
running configure, to aid debugging if configure makes a mistake.

It was created by configure, which was
generated by GNU Autoconf 2.61.  Invocation command line was

  $ ./configure --no-create --no-recursion

## --------- ##
## Platform. ##
## --------- ##

hostname = home
uname -m = x86_64
uname -r = 2.6.20-17-generic
uname -s = Linux
uname -v = #2 SMP Wed Aug 20 15:14:36 UTC 2008

/usr/bin/uname -p = unknown
/bin/uname -X     = unknown

/bin/arch              = x86_64
/usr/bin/arch -k       = unknown
/usr/convex/getsysinfo = unknown
/usr/bin/hostinfo      = unknown
/bin/machine           = unknown
/usr/bin/oslevel       = unknown
/bin/universe          = unknown

PATH: /usr/local/sbin
PATH: /usr/local/bin
PATH: /usr/sbin
PATH: /usr/bin
PATH: /sbin
PATH: /bin
PATH: /usr/games


## ----------- ##
## Core tests. ##
## ----------- ##

configure:1783: checking for a BSD-compatible install
configure:1839: result: /usr/bin/install -c
configure:1850: checking whether build environment is sane
configure:1893: result: yes
configure:1921: checking for a thread-safe mkdir -p
configure:1960: result: /bin/mkdir -p
configure:1973: checking for gawk
configure:1989: found /usr/bin/gawk
configure:2000: result: gawk
configure:2011: checking whether make sets $(MAKE)
configure:2032: result: yes
configure:2227: checking for gawk
configure:2254: result: gawk
configure:2313: checking for gcc
configure:2329: found /usr/bin/gcc
configure:2340: result: gcc
configure:2578: checking for C compiler version
configure:2585: gcc --version >&5
gcc (GCC) 4.1.2 (Ubuntu 4.1.2-0ubuntu4)
Copyright (C) 2006 Free Software Foundation, Inc.
This is free software; see the source for copying conditions.  There is NO
warranty; not even for MERCHANTABILITY or FITNESS FOR A PARTICULAR PURPOSE.

configure:2588: $? = 0
configure:2595: gcc -v >&5
Using built-in specs.
Target: x86_64-linux-gnu
Configured with: ../src/configure -v --enable-languages=c,c++,fortran,objc,obj-c++,treelang --prefix=/usr --enable-shared --with-system-zlib --libexecdir=/usr/lib --without-included-gettext --enable-threads=posix --enable-nls --program-suffix=-4.1 --enable-__cxa_atexit --enable-clocale=gnu --enable-libstdcxx-debug --enable-mpfr --enable-checking=release x86_64-linux-gnu
Thread model: posix
gcc version 4.1.2 (Ubuntu 4.1.2-0ubuntu4)
configure:2598: $? = 0
configure:2605: gcc -V >&5
gcc: '-V' option must have argument
configure:2608: $? = 1
configure:2631: checking for C compiler default output file name
configure:2658: gcc    conftest.c  >&5
configure:2661: $? = 0
configure:2699: result: a.out
configure:2716: checking whether the C compiler works
configure:2726: ./a.out
configure:2729: $? = 0
configure:2746: result: yes
configure:2753: checking whether we are cross compiling
configure:2755: result: no
configure:2758: checking for suffix of executables
configure:2765: gcc -o conftest    conftest.c  >&5
configure:2768: $? = 0
configure:2792: result: 
configure:2798: checking for suffix of object files
configure:2824: gcc -c   conftest.c >&5
configure:2827: $? = 0
configure:2850: result: o
configure:2854: checking whether we are using the GNU C compiler
configure:2883: gcc -c   conftest.c >&5
configure:2889: $? = 0
configure:2906: result: yes
configure:2911: checking whether gcc accepts -g
configure:2941: gcc -c -g  conftest.c >&5
configure:2947: $? = 0
configure:3046: result: yes
configure:3063: checking for gcc option to accept ISO C89
configure:3137: gcc  -c -g -O2  conftest.c >&5
configure:3143: $? = 0
configure:3166: result: none needed
configure:3195: checking for style of include used by make
configure:3223: result: GNU
configure:3248: checking dependency style of gcc
configure:3339: result: gcc3
configure:3412: checking for g++
configure:3428: found /usr/bin/g++
configure:3439: result: g++
configure:3470: checking for C++ compiler version
configure:3477: g++ --version >&5
g++ (GCC) 4.1.2 (Ubuntu 4.1.2-0ubuntu4)
Copyright (C) 2006 Free Software Foundation, Inc.
This is free software; see the source for copying conditions.  There is NO
warranty; not even for MERCHANTABILITY or FITNESS FOR A PARTICULAR PURPOSE.

configure:3480: $? = 0
configure:3487: g++ -v >&5
Using built-in specs.
Target: x86_64-linux-gnu
Configured with: ../src/configure -v --enable-languages=c,c++,fortran,objc,obj-c++,treelang --prefix=/usr --enable-shared --with-system-zlib --libexecdir=/usr/lib --without-included-gettext --enable-threads=posix --enable-nls --program-suffix=-4.1 --enable-__cxa_atexit --enable-clocale=gnu --enable-libstdcxx-debug --enable-mpfr --enable-checking=release x86_64-linux-gnu
Thread model: posix
gcc version 4.1.2 (Ubuntu 4.1.2-0ubuntu4)
configure:3490: $? = 0
configure:3497: g++ -V >&5
g++: '-V' option must have argument
configure:3500: $? = 1
configure:3503: checking whether we are using the GNU C++ compiler
configure:3532: g++ -c   conftest.cpp >&5
configure:3538: $? = 0
configure:3555: result: yes
configure:3560: checking whether g++ accepts -g
configure:3590: g++ -c -g  conftest.cpp >&5
configure:3596: $? = 0
configure:3695: result: yes
configure:3720: checking dependency style of g++
configure:3811: result: gcc3
configure:3839: checking for a BSD-compatible install
configure:3895: result: /usr/bin/install -c
configure:3906: checking whether ln -s works
configure:3910: result: yes
configure:3967: checking for pkg-config
configure:3985: found /usr/bin/pkg-config
configure:3997: result: /usr/bin/pkg-config
configure:4026: checking pkg-config is at least version 0.9.0
configure:4029: result: yes
configure:4040: checking for GTKMM
configure:4048: $PKG_CONFIG --exists --print-errors "glibmm-2.4 gtkmm-2.4 sigc++-2.0"
configure:4051: $? = 0
configure:4066: $PKG_CONFIG --exists --print-errors "glibmm-2.4 gtkmm-2.4 sigc++-2.0"
configure:4069: $? = 0
configure:4145: result: yes
configure:4158: checking how to run the C preprocessor
configure:4198: gcc -E  conftest.c
configure:4204: $? = 0
configure:4235: gcc -E  conftest.c
conftest.c:10:28: error: ac_nonexistent.h: No such file or directory
configure:4241: $? = 1
configure: failed program was:
| /* confdefs.h.  */
| #define PACKAGE_NAME ""
| #define PACKAGE_TARNAME ""
| #define PACKAGE_VERSION ""
| #define PACKAGE_STRING ""
| #define PACKAGE_BUGREPORT ""
| #define PACKAGE "gtkguitune"
| #define VERSION "0.7"
| /* end confdefs.h.  */
| #include <ac_nonexistent.h>
configure:4274: result: gcc -E
configure:4303: gcc -E  conftest.c
configure:4309: $? = 0
configure:4340: gcc -E  conftest.c
conftest.c:10:28: error: ac_nonexistent.h: No such file or directory
configure:4346: $? = 1
configure: failed program was:
| /* confdefs.h.  */
| #define PACKAGE_NAME ""
| #define PACKAGE_TARNAME ""
| #define PACKAGE_VERSION ""
| #define PACKAGE_STRING ""
| #define PACKAGE_BUGREPORT ""
| #define PACKAGE "gtkguitune"
| #define VERSION "0.7"
| /* end confdefs.h.  */
| #include <ac_nonexistent.h>
configure:4384: checking for grep that handles long lines and -e
configure:4458: result: /bin/grep
configure:4463: checking for egrep
configure:4541: result: /bin/grep -E
configure:4546: checking for ANSI C header files
configure:4576: gcc -c -g -O2  conftest.c >&5
configure:4582: $? = 0
configure:4681: gcc -o conftest -g -O2   conftest.c  >&5
configure:4684: $? = 0
configure:4690: ./conftest
configure:4693: $? = 0
configure:4710: result: yes
configure:4734: checking for sys/types.h
configure:4755: gcc -c -g -O2  conftest.c >&5
configure:4761: $? = 0
configure:4777: result: yes
configure:4734: checking for sys/stat.h
configure:4755: gcc -c -g -O2  conftest.c >&5
configure:4761: $? = 0
configure:4777: result: yes
configure:4734: checking for stdlib.h
configure:4755: gcc -c -g -O2  conftest.c >&5
configure:4761: $? = 0
configure:4777: result: yes
configure:4734: checking for string.h
configure:4755: gcc -c -g -O2  conftest.c >&5
configure:4761: $? = 0
configure:4777: result: yes
configure:4734: checking for memory.h
configure:4755: gcc -c -g -O2  conftest.c >&5
configure:4761: $? = 0
configure:4777: result: yes
configure:4734: checking for strings.h
configure:4755: gcc -c -g -O2  conftest.c >&5
configure:4761: $? = 0
configure:4777: result: yes
configure:4734: checking for inttypes.h
configure:4755: gcc -c -g -O2  conftest.c >&5
configure:4761: $? = 0
configure:4777: result: yes
configure:4734: checking for stdint.h
configure:4755: gcc -c -g -O2  conftest.c >&5
configure:4761: $? = 0
configure:4777: result: yes
configure:4734: checking for unistd.h
configure:4755: gcc -c -g -O2  conftest.c >&5
configure:4761: $? = 0
configure:4777: result: yes
configure:4806: checking fcntl.h usability
configure:4823: gcc -c -g -O2  conftest.c >&5
configure:4829: $? = 0
configure:4843: result: yes
configure:4847: checking fcntl.h presence
configure:4862: gcc -E  conftest.c
configure:4868: $? = 0
configure:4882: result: yes
configure:4910: checking for fcntl.h
configure:4918: result: yes
configure:4806: checking sys/ioctl.h usability
configure:4823: gcc -c -g -O2  conftest.c >&5
configure:4829: $? = 0
configure:4843: result: yes
configure:4847: checking sys/ioctl.h presence
configure:4862: gcc -E  conftest.c
configure:4868: $? = 0
configure:4882: result: yes
configure:4910: checking for sys/ioctl.h
configure:4918: result: yes
configure:4796: checking for unistd.h
configure:4802: result: yes
configure:4932: checking for an ANSI C-conforming const
configure:5007: gcc -c -g -O2  conftest.c >&5
configure:5013: $? = 0
configure:5028: result: yes
configure:5040: checking whether gcc needs -traditional
configure:5082: result: no
configure:5213: creating ./config.status

## ---------------- ##
## Cache variables. ##
## ---------------- ##

ac_cv_c_compiler_gnu=yes
ac_cv_c_const=yes
ac_cv_cxx_compiler_gnu=yes
ac_cv_env_CCC_set=
ac_cv_env_CCC_value=
ac_cv_env_CC_set=
ac_cv_env_CC_value=
ac_cv_env_CFLAGS_set=
ac_cv_env_CFLAGS_value=
ac_cv_env_CPPFLAGS_set=
ac_cv_env_CPPFLAGS_value=
ac_cv_env_CPP_set=
ac_cv_env_CPP_value=
ac_cv_env_CXXFLAGS_set=
ac_cv_env_CXXFLAGS_value=
ac_cv_env_CXX_set=
ac_cv_env_CXX_value=
ac_cv_env_GTKMM_CFLAGS_set=
ac_cv_env_GTKMM_CFLAGS_value=
ac_cv_env_GTKMM_LIBS_set=
ac_cv_env_GTKMM_LIBS_value=
ac_cv_env_LDFLAGS_set=
ac_cv_env_LDFLAGS_value=
ac_cv_env_LIBS_set=
ac_cv_env_LIBS_value=
ac_cv_env_PKG_CONFIG_set=
ac_cv_env_PKG_CONFIG_value=
ac_cv_env_build_alias_set=
ac_cv_env_build_alias_value=
ac_cv_env_host_alias_set=
ac_cv_env_host_alias_value=
ac_cv_env_target_alias_set=
ac_cv_env_target_alias_value=
ac_cv_header_fcntl_h=yes
ac_cv_header_inttypes_h=yes
ac_cv_header_memory_h=yes
ac_cv_header_stdc=yes
ac_cv_header_stdint_h=yes
ac_cv_header_stdlib_h=yes
ac_cv_header_string_h=yes
ac_cv_header_strings_h=yes
ac_cv_header_sys_ioctl_h=yes
ac_cv_header_sys_stat_h=yes
ac_cv_header_sys_types_h=yes
ac_cv_header_unistd_h=yes
ac_cv_objext=o
ac_cv_path_EGREP='/bin/grep -E'
ac_cv_path_GREP=/bin/grep
ac_cv_path_ac_pt_PKG_CONFIG=/usr/bin/pkg-config
ac_cv_path_install='/usr/bin/install -c'
ac_cv_path_mkdir=/bin/mkdir
ac_cv_prog_AWK=gawk
ac_cv_prog_CPP='gcc -E'
ac_cv_prog_ac_ct_CC=gcc
ac_cv_prog_ac_ct_CXX=g++
ac_cv_prog_cc_c89=
ac_cv_prog_cc_g=yes
ac_cv_prog_cxx_g=yes
ac_cv_prog_gcc_traditional=no
ac_cv_prog_make_make_set=yes
am_cv_CC_dependencies_compiler_type=gcc3
am_cv_CXX_dependencies_compiler_type=gcc3
pkg_cv_GTKMM_CFLAGS='-DPNG_NO_MMX_CODE -I/usr/include/glibmm-2.4 -I/usr/lib/glibmm-2.4/include -I/usr/include/sigc++-2.0 -I/usr/lib/sigc++-2.0/include -I/usr/include/glib-2.0 -I/usr/lib/glib-2.0/include -I/usr/include/gtkmm-2.4 -I/usr/lib/gtkmm-2.4/include -I/usr/include/gdkmm-2.4 -I/usr/lib/gdkmm-2.4/include -I/usr/include/pangomm-1.4 -I/usr/include/atkmm-1.6 -I/usr/include/gtk-2.0 -I/usr/lib/gtk-2.0/include -I/usr/include/cairomm-1.0 -I/usr/include/pango-1.0 -I/usr/include/cairo -I/usr/include/freetype2 -I/usr/include/libpng12 -I/usr/include/atk-1.0  '
pkg_cv_GTKMM_LIBS='-lgtkmm-2.4 -lgdkmm-2.4 -latkmm-1.6 -lgtk-x11-2.0 -lpangomm-1.4 -lcairomm-1.0 -lglibmm-2.4 -lgdk-x11-2.0 -latk-1.0 -lgdk_pixbuf-2.0 -lm -lpangocairo-1.0 -lfontconfig -lXext -lXrender -lXinerama -lXi -lXrandr -lXcursor -lXfixes -lpango-1.0 -lcairo -lX11 -lgobject-2.0 -lgmodule-2.0 -ldl -lglib-2.0 -lsigc-2.0  '

## ----------------- ##
## Output variables. ##
## ----------------- ##

ACLOCAL='${SHELL} /home/floh/gtkguitune/missing --run aclocal-1.10'
AMDEPBACKSLASH='\'
AMDEP_FALSE='#'
AMDEP_TRUE=''
AMTAR='${SHELL} /home/floh/gtkguitune/missing --run tar'
AUTOCONF='${SHELL} /home/floh/gtkguitune/missing --run autoconf'
AUTOHEADER='${SHELL} /home/floh/gtkguitune/missing --run autoheader'
AUTOMAKE='${SHELL} /home/floh/gtkguitune/missing --run automake-1.10'
AWK='gawk'
CC='gcc'
CCDEPMODE='depmode=gcc3'
CFLAGS='-g -O2'
CPP='gcc -E'
CPPFLAGS=''
CXX='g++'
CXXDEPMODE='depmode=gcc3'
CXXFLAGS='-g -O2'
CYGPATH_W='echo'
DEFS='-DHAVE_CONFIG_H'
DEPDIR='.deps'
ECHO_C=''
ECHO_N='-n'
ECHO_T=''
EGREP='/bin/grep -E'
EXEEXT=''
GREP='/bin/grep'
GTKMM_CFLAGS='-DPNG_NO_MMX_CODE -I/usr/include/glibmm-2.4 -I/usr/lib/glibmm-2.4/include -I/usr/include/sigc++-2.0 -I/usr/lib/sigc++-2.0/include -I/usr/include/glib-2.0 -I/usr/lib/glib-2.0/include -I/usr/include/gtkmm-2.4 -I/usr/lib/gtkmm-2.4/include -I/usr/include/gdkmm-2.4 -I/usr/lib/gdkmm-2.4/include -I/usr/include/pangomm-1.4 -I/usr/include/atkmm-1.6 -I/usr/include/gtk-2.0 -I/usr/lib/gtk-2.0/include -I/usr/include/cairomm-1.0 -I/usr/include/pango-1.0 -I/usr/include/cairo -I/usr/include/freetype2 -I/usr/include/libpng12 -I/usr/include/atk-1.0  '
GTKMM_LIBS='-lgtkmm-2.4 -lgdkmm-2.4 -latkmm-1.6 -lgtk-x11-2.0 -lpangomm-1.4 -lcairomm-1.0 -lglibmm-2.4 -lgdk-x11-2.0 -latk-1.0 -lgdk_pixbuf-2.0 -lm -lpangocairo-1.0 -lfontconfig -lXext -lXrender -lXinerama -lXi -lXrandr -lXcursor -lXfixes -lpango-1.0 -lcairo -lX11 -lgobject-2.0 -lgmodule-2.0 -ldl -lglib-2.0 -lsigc-2.0  '
INSTALL_DATA='${INSTALL} -m 644'
INSTALL_PROGRAM='${INSTALL}'
INSTALL_SCRIPT='${INSTALL}'
INSTALL_STRIP_PROGRAM='$(install_sh) -c -s'
LDFLAGS=''
LIBOBJS=''
LIBS=''
LN_S='ln -s'
LTLIBOBJS=''
MAKEINFO='${SHELL} /home/floh/gtkguitune/missing --run makeinfo'
OBJEXT='o'
PACKAGE='gtkguitune'
PACKAGE_BUGREPORT=''
PACKAGE_NAME=''
PACKAGE_STRING=''
PACKAGE_TARNAME=''
PACKAGE_VERSION=''
PATH_SEPARATOR=':'
PKG_CONFIG='/usr/bin/pkg-config'
SET_MAKE=''
SHELL='/bin/sh'
STRIP=''
VERSION='0.7'
ac_ct_CC='gcc'
ac_ct_CXX='g++'
am__fastdepCC_FALSE='#'
am__fastdepCC_TRUE=''
am__fastdepCXX_FALSE='#'
am__fastdepCXX_TRUE=''
am__include='include'
am__isrc=''
am__leading_dot='.'
am__quote=''
am__tar='${AMTAR} chof - "$$tardir"'
am__untar='${AMTAR} xf -'
bindir='${exec_prefix}/bin'
build_alias=''
datadir='${datarootdir}'
datarootdir='${prefix}/share'
docdir='${datarootdir}/doc/${PACKAGE}'
dvidir='${docdir}'
exec_prefix='${prefix}'
host_alias=''
htmldir='${docdir}'
includedir='${prefix}/include'
infodir='${datarootdir}/info'
install_sh='$(SHELL) /home/floh/gtkguitune/install-sh'
libdir='${exec_prefix}/lib'
libexecdir='${exec_prefix}/libexec'
localedir='${datarootdir}/locale'
localstatedir='${prefix}/var'
mandir='${datarootdir}/man'
mkdir_p='/bin/mkdir -p'
oldincludedir='/usr/include'
pdfdir='${docdir}'
prefix='/usr/local'
program_transform_name='s,x,x,'
psdir='${docdir}'
sbindir='${exec_prefix}/sbin'
sharedstatedir='${prefix}/com'
sysconfdir='${prefix}/etc'
target_alias=''

## ----------- ##
## confdefs.h. ##
## ----------- ##

#define PACKAGE_NAME ""
#define PACKAGE_TARNAME ""
#define PACKAGE_VERSION ""
#define PACKAGE_STRING ""
#define PACKAGE_BUGREPORT ""
#define PACKAGE "gtkguitune"
#define VERSION "0.7"
#define STDC_HEADERS 1
#define HAVE_SYS_TYPES_H 1
#define HAVE_SYS_STAT_H 1
#define HAVE_STDLIB_H 1
#define HAVE_STRING_H 1
#define HAVE_MEMORY_H 1
#define HAVE_STRINGS_H 1
#define HAVE_INTTYPES_H 1
#define HAVE_STDINT_H 1
#define HAVE_UNISTD_H 1
#define HAVE_FCNTL_H 1
#define HAVE_SYS_IOCTL_H 1
#define HAVE_UNISTD_H 1

configure: exit 0

## ---------------------- ##
## Running config.status. ##
## ---------------------- ##

This file was extended by config.status, which was
generated by GNU Autoconf 2.61.  Invocation command line was

  CONFIG_FILES    = 
  CONFIG_HEADERS  = 
  CONFIG_LINKS    = 
  CONFIG_COMMANDS = 
  $ ./config.status 

on home

config.status:646: creating Makefile
config.status:646: creating icon/Makefile
config.status:646: creating config.h
config.status:875: config.h is unchanged
config.status:922: executing depfiles commands

## ---------------------- ##
## Running config.status. ##
## ---------------------- ##

This file was extended by config.status, which was
generated by GNU Autoconf 2.61.  Invocation command line was

  CONFIG_FILES    = 
  CONFIG_HEADERS  = 
  CONFIG_LINKS    = 
  CONFIG_COMMANDS = 
  $ ./config.status config.h

on home

config.status:646: creating config.h
config.status:875: config.h is unchanged
